Train gpop
Test gpop
0.9589150378938971
0.0
0.49572120837199707
0.6720398564282076
0.16416482687271175
Train gpop
Test gpop
0.9589150378938971
0.0
0.49572120837199707
0.6720398564282076
0.16416482687271175
Train gpop
Test gpop
0.9589150378938971
0.0
0.49572120837199707
0.6720398564282076
0.16416482687271175
Train gpop
Test gpop
0.9589150378938971
0.0
0.49572120837199707
0.6720398564282076
0.16416482687271175
Train gpop
Test gpop
0.9589150378938971
0.0
0.49572120837199707
0.6720398564282076
0.16416482687271175
Train gpop
Test gpop
0.9589150378938971
0.0
0.49572120837199707
0.6720398564282076
0.16416482687271175
