Gpop
0.9595605705345186
0.48968120959870365
0.49582065863205027
0.6423355753126848
0.16862727800422656


0.9590147586757081
0.0
0.4957625371164632
0.6030495343935504
0.170423293133678
High
0.9680863395228295
0.4918921492934782
0.4967249805195159
0.6529515524164131
0.14090465673128522


0.9686782209229484
0.0
0.49678732062540154
0.6193015736150032
0.1389132936880261
low
0.9503138938193469
0.48726172816057833
0.49482551970341404
0.621845767989238
0.19724708770393956


0.9501813323153273
0.0
0.4948113395093634
0.5879981112296403
0.19766203121649878
