gpop
0.9088171218142918
0.5895306547344554
0.57092791800994
0.840681262122723
0.2407322797565643

0.8988332668528122
0.21690467001157857
0.5647388932330917
0.8333371168897825
0.26112246451416876
High
0.9315196842210909
0.5439214193652611
0.5342233247348881
0.8447904208129865
0.19657773297526962

0.9291083733556066
0.12612612612612611
0.5345575321525672
0.8404007688118997
0.20129161228039186
Low
0.8861997000849188
0.6181729638236018
0.5970143948169689
0.829316417404596
0.28794252175225826

0.8706814277533881
0.28192898781134074
0.5872545338400399
0.8145417112444684
0.3173474698090575
