Gpop
Gpop
Gpop
Gpop
Gpop
0.9106500617817452
0.5228783445219319
0.5262801155574116
0.6063588118125286
0.36451392842301394

0.9165835660151576
0.0872885979268958
0.5232574258786036
0.5993975591176107
0.3516934726418482
Low
0.9005535717539033
0.5257966130518679
0.5276915512211897
0.5898933372782785
0.4184420318558253


0.8744035121206337
0.11081081081081082
0.5273370468212015
0.5870928830147669
0.4091090165811489
High
0.9682628626871692
0.4919269195044732
0.4966082464720034
0.6310172601903007
0.2255303353545425

0.9683650031321779
0.006557377049180329
0.49870101416885576
0.631350147301861
0.2315864143057228
