Gpop
Gpop
Gpop
Gpop
0.8780911565975223
0.6130049714099854
0.6029474277589416
0.7651007555215454
0.3815903348476189


Gpop
0.8771938360933158
0.6009407084063512
0.5908995431702524
0.7594040724135346
0.37716238907589444


0.8831771041084963
0.2395326192794547
0.5757492873492581
0.760360836036432
0.3681438059622522
0.8955339685298408
0.2886728655959425
0.60197017962075
0.7946346586396265
0.3368015461804768

0.8831771041084963
0.2395326192794547
0.5757492873492581
0.760360836036432
0.3681438059622522
Low

0.8364244201934813
0.6210175470519653
0.61670348100651
0.7385602237480595
0.4591665016307204


0.8433861423935866
0.3142498955286252
0.6041416527006502
0.7294043904859683
0.4532350184337322
High
0.9268146214099217
0.5321444218775353
0.5267360078470251
0.7910820260950412
0.27138699818958945


0.9273334725412403
0.06702412868632708
0.5132412394047998
0.7839220223365195
0.2845689096203541
