
0.8860187077759492
0.4977109216479631
0.5011974639491468
0.5962511639553704
0.4241999917921194

0.8784403669724771
0.055770720371804805
0.4982806771633894
0.6055479937565073
0.40794393881526564
Low
0.8703007888647999
0.5073365176955795
0.5082038186999235
0.5560229820075797
0.5115137588456796


0.8549341477381179
0.0909090909090909
0.5065428414346408
0.5530547113531463
0.49861946938747986
High
0.9206521964275007
0.4905854511993789
0.49840273197731133
0.6777126240934944
0.3109944647038762


0.9200250574232617
0.015424164524421594
0.49593262219701006
0.6791126955051682
0.32349925218727316
