Gpop
0.8805437447627323
0.20948860135551448
0.5585717367657023
0.780020558879892
0.31439245077221034

0.8684184284004787
0.20054528930627086
0.553204911804258
0.7587485687486939
0.34111695276624515
Low
0.8522352332276638
0.2707535121328225
0.5784392652823019
0.77405364308778
0.36464068068078437

0.835273907234205
0.2680237489397795
0.5744233283550131
0.737404107286767
0.4039621599849988
High
0.9091505607253638
0.13120365088419852
0.5333451889836084
0.797739471888242
0.25679215698857916

0.9048861975360201
0.08442211055276383
0.5163013116833602
0.7644845106409921
0.27195787909325125
