
Gpop
0.9595605350547779
0.0
0.49582085148146476
0.6833398889355385
0.1615904040837298

0.9590147586757081
0.0
0.4957625371164632
0.6342353754642212
0.16701224945924142
Low
0.9503784693019344
0.002600780234070221
0.49564590938311326
0.6959029095610094
0.18495921397078932

0.9499904561939302
0.0
0.49473161033797214
0.6219588411231641
0.19507461848404586

Gpop
0.9595295339113032
0.4896731129043713
0.4958077833991893
0.6524116266468001
0.16446479683526838

0.9590147586757081
0.0
0.4957625371164632
0.6342353754642212
0.16701224945924142
Low
0.9503784693019344
0.002600780234070221
0.49564590938311326
0.6959029095610094
0.18495921397078932

0.9499904561939302
0.0
0.49473161033797214
0.6219588411231641
0.19507461848404586

Gpop
0.9595295339113032
0.4896731129043713
0.4958077833991893
0.6524116266468001
0.16446479683526838

0.9590147586757081
0.0
0.4957625371164632
0.6342353754642212
0.16701224945924142
Low
0.9503784693019344
0.002600780234070221
0.49564590938311326
0.6959029095610094
0.18495921397078932

0.9499904561939302
0.0
0.49473161033797214
0.6219588411231641
0.19507461848404586

Gpop
0.9595295339113032
0.4896731129043713
0.4958077833991893
0.6524116266468001
0.16446479683526838

0.9590147586757081
0.0
0.4957625371164632
0.6342353754642212
0.16701224945924142
Low
0.9503784693019344
0.002600780234070221
0.49564590938311326
0.6959029095610094
0.18495921397078932

0.9499904561939302
0.0
0.49473161033797214
0.6219588411231641
0.19507461848404586

Gpop

Low


Gpop

Low


Gpop

Low


Gpop

Low


Gpop

Low


Low

Low
