Gpop
0.5705022056741766
0.40997395454686625
0.4132743411074789
0.5915767611501364
14.834659306714181

0.5639210211408058
0.4089374380522446
0.41254171405201395
0.596794580359648
15.06197098876094
Low
0.5813204376104502
0.42148492631524137
0.4281411430985245
0.5729026250068812
14.460997467793344

0.5889482725711014
0.4248336409660336
0.4314714265089326
0.5704044154432761
14.197534442986836
High
0.6646577127065199
0.4438810874974271
0.4504379992800834
0.6188388150480352
11.582569730293027

0.6652745875965755
0.4464561881687866
0.45487283725389
0.62562872745563
11.561263382936529
Gpop
0.5705022056741766
0.40997395454686625
0.4132743411074789
0.63208261638572
0.7003371004167108

0.5639210211408058
0.4089374380522446
0.41254171405201395
0.6340741519415006
0.7045349068409023
Low
0.5813204376104502
0.42148492631524137
0.4281411430985245
0.597474787328068
0.7111531858630273

0.5889482725711014
0.4248336409660336
0.4314714265089326
0.5985452850780983
0.7101234445023025
High
0.6646577127065199
0.4438810874974271
0.4504379992800834
0.6623696513097769
0.6470576775021311

0.6652745875965755
0.4464561881687866
0.45487283725389
0.6657544729467557
0.6466484857427298
