Gpop
0.7257172884239329
0.5846084274060166
0.6299487257058481
0.7173473066697478
9.473584798214482

0.7220781810929398
0.5861559664918257
0.6323839079655709
0.7211590011678994
9.599278620622314
Low
0.7108283080398623
0.5981933691938421
0.6364657267417136
0.7001951222574532
9.987833976937551

0.7141630082076732
0.6030841486101669
0.6413457879489728
0.7032961395799932
9.87265499845286
High
0.7502685097870346
0.5645686056392085
0.6134869815668224
0.7289242275187233
8.625603588749353

0.7502610148256421
0.5648561516321378
0.6139124761500884
0.7275642451248375
8.625862043619836
Gpop
0.7257172884239329
0.5846084274060166
0.6299487257058481
0.7899960321897336
0.5973690641314912

0.7220781810929398
0.5861559664918257
0.6323839079655709
0.7915269598498549
0.602326730585433
Low
0.7108283080398623
0.5981933691938421
0.6364657267417136
0.7637111269765541
0.6166403943377234

0.7141630082076732
0.6030841486101669
0.6413457879489728
0.7663044018412266
0.6116992645009307
High
0.7502685097870346
0.5645686056392085
0.6134869815668224
0.8061861240109922
0.5367697928800124

0.7502610148256421
0.5648561516321378
0.6139124761500884
0.8064683849019576
0.5360497177258648
