Gpop
0.9083515483879978
0.5684217804389066
0.5536694843369931
0.8188304088705841
0.25023539742655526

0.8971380135620263
0.17906884202148826
0.5496157455843687
0.7983971300361894
0.2750755960444835
Low
0.8847120944962695
0.5769487632774342
0.5617671516835275
0.803937538222474
0.2992731984825974

0.8674365336896355
0.19197207678883071
0.5497378177779675
0.7745553939002933
0.334676191558753
High
0.9315197909897238
0.526012071188466
0.5211014144963082
0.8351669312178794
0.20218447432102743

0.9285863437043224
0.06043956043956044
0.5112751876539227
0.8131740919555102
0.21106776684663958
