Gpop
0.5833667161069769
0.4669005613687478
0.4927576206064912
0.6058686592421767
14.390310218399824

0.5839648982848026
0.2255429738258771
0.49828342703032136
0.614100359018506
14.369650056948805
Low
0.5397035380495181
0.44316026669189384
0.46317497354177145
0.5644382430610759
15.898411125511169

0.540274861614812
0.21789251501867185
0.46767624957348664
0.5693182960713041
15.878678080800386
High
0.6882503801980846
0.5221683659741858
0.5574715111827138
0.6606369200040458
10.767676392122771

0.6881394863228232
0.24245498351509
0.558872846442381
0.6614692555793045
10.77150645252081
Gpop
0.5833667161069769
0.4669005613687478
0.4927576206064912
0.652754736778062
0.6897839299339426

0.5839648982848026
0.2255429738258771
0.49828342703032136
0.6581273234118601
