
0.919679549875059
0.48543772156152587
0.49512120860298764
0.6763294863702471
0.26395026162679613


0.9069106501794975
0.006386375731772219
0.4918340672459302
0.5676458214382306
0.31339538674113404

0.9290745935496085
0.49135051211858205
0.4982163470340373
0.7101919880560952
0.2347153708386318


0.9199206514930048
0.01287001287001287
0.49510467983353484
0.6461109764057451
0.27174532763248843

0.9094908516692664
0.4762917973542817
0.49019554058033865
0.6290423508334981
0.2953556369626368


0.8944455048673411
0.0018050541516245486
0.4890342598815741
0.593996768943608
0.33632408215352877
