Gpop 12 Sep
0.9595605705345186
0.48968120959870365
0.49582065863205027
0.682288865247384
0.16192194867371631

0.9590147586757081
0.0
0.4957625371164632
0.6517114297547404
0.1658178567803308

0.9503138938193469
0.48726172816057833
0.49482551970341404
0.6655319723529063
0.18979295299963767

0.9501813323153273
0.0
0.4948113395093634
0.6142182691967262
0.1937071416725518
High
0.9680863395228295
0.4918921492934782
0.4967249805195159
0.6642323185422301
0.13616206415062965
0.9686782209229484
0.0
0.49678732062540154
0.6528662786520083
0.134925043920316
