Gpop
0.9588153017884766
0.49134706373731774
0.4968344949426945
0.6574619778302472
0.24453908455300524

0.9587155963302753
0.0024096385542168677
0.49638148450470065
0.6552135980814591
0.2439076689247686
Low
0.9499908451602325
0.487168947375405
0.49472617311058514
0.6130172118624297
0.26137087578514007

0.9499904561939302
0.0
0.49473161033797214
0.6014238511519652
0.2632257122548428
High
0.968680399221616
0.49466608663032996
0.4984096806815696
0.6788907469147363
0.19737454935809265

0.9683650031321779
0.0
0.49665859875340035
0.6823959905151973
0.19423071722235843
