Gpop 12 Sep
0.9595605705345186
0.48968120959870365
0.49582065863205027
0.6607532108017797
0.16351736209460394

0.9590147586757081
0.0
0.4957625371164632
0.6122338673380244
0.16861334466043776
Low
0.9503138938193469
0.48726172816057833
0.49482551970341404
0.6366076419976148
0.19206153230410802

0.9501813323153273
0.0
0.4948113395093634
0.5756825241791853
0.19735312679047545
High
0.9680863395228295
0.4918921492934782
0.4967249805195159
0.6424638048909823
0.13731812175594302

0.9686782209229484
0.0
0.49678732062540154
0.6119452827477185
0.13752615150267586
