Gpop 3Sep
Gpop 3Sep
0.8770986463794539
0.48846700601585
0.499363791643561
0.7633675089439715
0.323981623520298

Low
0.8771296878182818
0.4825860190864983
0.4957393519948721
0.7620262733544394
0.3247694190387654

Low
0.8435012260692585
0.49086391879062796
0.5023741072087774
0.7427256691094566
0.3831514007978453

high
0.9072415647441432
0.4775798852395107
0.49115197407312
0.7531516317835463
0.27562401716589935

Gpop 3Sep 2nd Run
Gpop 3Sep 2nd Run
0.8767262357945448
0.4848156020377741
0.4970165141346265
0.7657707582213359
0.3231712531705321

Low
0.8440833735466194
0.49399924957276536
0.5044507883340457
0.7452802979019368
0.381902385504039

High
0.907122250796672
0.4793397586990894
0.4922058345358189
0.7616892918180777
0.2730954304642067

