0.9063652815520141
0.48543815092751014
0.4959161645967195
0.5045716737954078
3.2340293973861813

0.8963402473075389
0.010471204188481676
0.49175365367045765
0.7408491292348081
0.29687919273338764
0.8791483893271079
0.48163570064501443
0.4949243834525879
0.5061109304742915
4.1740684652209

0.8638098873830884
0.02327173169062286
0.49107000344705853
0.7053252561526366
0.3662121032066694
0.9311619025316267
0.4874092889252795
0.495925724872116
0.5024833742205335
2.377583942092135

0.9304656504489455
0.0
0.49263697872904966
0.7596518477633828
0.2248512700785031
Gpop
