0.906551496475694
0.47840779066444056
0.49169180953141056
0.5014017459819985
3.2275970669283973

0.8965895492620662
0.0028846153846153848
0.4895956499447946
0.8003058382241496
0.2770368909557196

0.8797306832882512
0.47553714070390407
0.4912479335759965
0.5034592738671034
4.153955606150813

0.8658140866577592
0.011251758087201125
0.48833966231975945
0.7744783096175907
0.337338361365026

0.9311618847368545
0.482175238429733
0.4927137827527444
0.5
2.3775842705208725

0.9305700563792023
0.0029985007496251877
0.49358595805628935
0.8126432087383614
0.21054257783515848
0.906303213121196
0.47671857210925983
0.4906144115423608
0.8157200936510842
0.2544297681036062

Low
0.8799894155004117
0.4787323449392346
0.4932522392761455
0.7966185688652637
0.30553208607452464

High
0.9311618847368545
0.482175238429733
0.4927137827527444
0.8165371767968844
0.2090128725884289
