
gpop 2 Sep

gpop 2 Sep
0.920238209092936
0.4792296439511703
0.49147904771566264
0.6887088396227397
0.26298070581619737

Low

gpop 2 Sep

gpop 2 Sep
0.920238209092936
0.4792296439511703
0.49147904771566264
0.6892358804053419
0.26298393906203477

Low
0.9096202596278558
0.4763275156338905
0.4902519270940301
0.6400493993059713
0.29432878321382805
High
0.930148347897761
0.48365964155180247
0.4937019633977401
0.7185935292486951
0.2336131157498688

gpop 2 Sep 2nd run both train and test

gpop 2 Sep 2nd run both train and test
0.920238209092936
0.4792296439511703
0.49147904771566264
0.689220662570676
0.2626509576596975

Low
0.9096202596278558
0.4763275156338905
0.4902519270940301
0.6398362874031704
0.2945982585755355
High
0.9300886998214116
0.48374557226081977
0.49374898991185423
0.7170631066054213
0.23407748771203293

Testing Run (from nohup.out)
0.9069605105704028
0.0
0.48994785381830713
0.678923660397837
0.29304485877674935
Fitting 5 folds for each of 16 candidates, totalling 80 fits
Fitting 5 folds for each of 16 candidates, totalling 80 fits
Fitting 5 folds for each of 16 candidates, totalling 80 fits
Fitting 5 folds for each of 16 candidates, totalling 80 fits
Fitting 5 folds for each of 16 candidates, totalling 80 fits
Fitting 5 folds for each of 16 candidates, totalling 80 fits
0.8943500668066425
0.0
0.48845961386097325
0.615190563210011
0.3299447160512319
Fitting 5 folds for each of 16 candidates, totalling 80 fits
Fitting 5 folds for each of 16 candidates, totalling 80 fits
Fitting 5 folds for each of 16 candidates, totalling 80 fits
Fitting 5 folds for each of 16 candidates, totalling 80 fits
Fitting 5 folds for each of 16 candidates, totalling 80 fits
Fitting 5 folds for each of 16 candidates, totalling 80 fits

0.9207558989350595
0.0
0.49153921612342266
0.7206757747413544
0.25591421888171634
