0.9331097033979747
0.9330773752169386
0.9330339490984227
0.9330540650663416
2.3103400841679416

0.8926699877078347
0.10372771474878444
0.5395295828332296
0.7870859112990678
0.3243838983436921

0.8664821530826493
0.08262295081967212
0.5146974500393986
0.5589964622879534
0.35650725485912615
0.97718689347235
0.9771719319860267
0.9770950310328009
0.9771868738530433
0.7879382702685725

0.9658792650918635
0.2033426183844011
0.5673938497120203
0.9338122371759494
0.16959171793935984

0.9527041135936521
0.03411513859275053
0.5054521672707808
0.7011818570077588
0.21553163713076853
0.9314483585848755
0.9314113948507806
0.931356832658979
0.9811884070093054
0.31826217204859575


high
0.9770940238004462
0.9770787931208428
0.9769988000719785
0.994938776196005
0.1568127214133998



gpop 2 Sep
0.951025641025641
0.9509706446543269
0.9507664579517051
0.988978599251969
0.24983843561658822

Gpop
0.8553549399172218
0.5114761657507048
0.5115603960569958
0.6215567626544453
0.42314287000718603

0.8533107299561229
0.10359536867763558
0.5113176907761153
0.6226072356399963
0.42208678693167706
Low
0.831362886917233
0.5102669916634859
0.5105442667833092
0.5620904388390222
0.48613314198784713

0.8377552968123688
0.11087866108786612
0.5103810337826794
0.5600985357486343
0.48551612682354345
High
0.9187732820224902
0.4961945571724355
0.5015977955027886
0.7104814645415795
0.30922220251443117

0.9192942159114638
0.03975155279503106
0.5033486085443397
0.7149587644714274
0.30743640317902665
**Death***
Gpop
0.8940960837258854
0.6158012103419213
0.59735368598544
0.8300150467217773
0.30695181293607904

0.8938970881531711
0.29396151293961514
0.6000130962262966
0.829655050880347
0.30861132380188544
Low
0.8638145165698046
0.6089840641450567
0.5928739271169645
0.8093671954714745
0.3500489091857617

0.8659095247184577
0.29644466700050076
0.5941902736820864
0.8132927110902213
0.3477996497689189
High
0.9246222275519603
0.5845153363573452
0.5685732715590351
0.8393212924696272
0.243704315246927

0.9257673835873877
0.20735785953177255
0.5678094917857885
0.8379893021387635
0.2434867219755266
START
Gpop
0.8941460460304451
0.613045108588149
0.5950613409602157
0.8300322927940664
0.30583302489584224

0.8936477861986438
0.280121498481269
0.5934222523212334
0.8321697266793663
0.30569631424943905
Low
0.8651506221647324
0.6102385873528172
0.5936558922850874
0.8099077761720217
0.3497166788487656

0.8646688299293759
0.3069403714565005
0.599259659293447
0.8106936012454317
0.3496209240743713
High
0.924204309456712
0.580541256412272
0.5656536733241817
0.8377814990226419
0.24472732856761992

0.9242012946335352
0.2021978021978022
0.5659535707909941
0.8384408308667733
0.24405868011797868
START
Gpop
0.8941460336020113
0.6126503888712749
0.5943640422259796
0.8295093097051144
0.3066944449110892

0.8944455524531313
0.2903117666778411
0.5981146641864173
0.8324055579416828
0.3064193425097727
Low
High
START
Gpop

0.8942959712804148
0.2919171676686707
0.5989249795244169
0.8322556808625973
0.305772462562783
Low
High
START
Gpop

0.8937973673713602
0.28857715430861725
0.5974318134702802
0.8308398088209575
0.30602970597608664
Low
High
START
Gpop

0.8943458316713203
0.28820960698689957
0.5971278376079135
0.8326336434107489
0.30570005331125555
Low
High
START
Gpop
START
Gpop
START
Gpop
START
Gpop

0.8950937375349023
0.28726287262872624
0.5965001964093797
0.8317806144772628
0.30592539418806536
Low
High
START
Gpop

0.8944954128440367
0.28706199460916443
0.5965432968468263
0.8319129630138371
0.30676744205132
Low
High
START
Gpop

0.8952931790985241
0.28958051420838976
0.597560197998967
0.8317014948174881
0.3057396521905849
Low
High
START
Gpop

0.8944954128440367
0.28754208754208754
0.596773093438856
0.8320448827175674
0.30548236204989726
Low
High
