0.920238209092936
0.4792296439511703
0.49147904771566264
0.5
2.754874660996703

0.9069605105704028
0.0
0.48994785381830713
0.6317050963186609
0.3009115095422138
0.9096202596278558
0.4763275156338905
0.4902519270940301
0.5
3.121605643343569

0.8943500668066425
0.0
0.48845961386097325
0.6114625769385784
0.3319611273026166
0.9299096844132743
0.4826580297385824
0.49303115378031037
0.500315981232471
2.4208338806246728

0.9207558989350595
0.0
0.49153921612342266
0.6440593215540588
0.2671634208650459

gpop 2 Sep

gpop 2 Sep
0.920238209092936
0.4792296439511703
0.49147904771566264
0.6752252701928176
0.264273944510789

0.9096202596278558
0.4763275156338905
0.4902519270940301
0.6308114472563594
0.2947393113030688

high
0.9298500363369246
0.48182346436445134
0.4925110442782016
0.7115976490966127
0.23499229185804724

