Gpop
Gpop
Gpop
0.5779816993795477
0.38629265023269665
0.3898264720322419
0.6323826612034995
0.8981142499612093

Gpop
0.5779816993795477
0.38629265023269665
0.3898264720322419
0.6323826612034995
0.8981142499612093

0.58047467092142
Gpop
0.5779816993795477
0.38629265023269665
0.3898264720322419
0.6323826612034995
0.8981142499612093

0.58047467092142
0.2779542747121642
0.2813614054420715
0.6336823515839121
0.8973226475197592
Low
0.5894318078303484
0.3975255898532122
0.4048673906132102
0.5993340545304148
0.9467710901195362

0.5883756442069097
0.2833518850814099
0.28802466449841957
0.6023802624267082
0.9594174740678622
High
0.6741586311778782
0.4488621357457885
0.4573221930605043
0.6631958571765398
0.9146423121250097

0.6727918145750679
0.45024238273821143
0.4600323763967786
0.664524322770712
0.9110208548256542
