Gpop
Gpop
Gpop
0.7315010217415565
0.43088740991295404
0.46333040493003974
0.7929474484040024
0.85209616007955

Gpop
0.7315010217415565
0.43088740991295404
0.46333040493003974
0.7929474484040024
0.85209616007955

Gpop
Gpop
0.7315010217415565
0.43088740991295404
0.46333040493003974
0.7929474484040024
0.85209616007955

0.7321001196649382
Gpop
0.7315010217415565
0.43088740991295404
0.46333040493003974
0.7929474484040024
0.85209616007955

0.7321001196649382
0.39441143265465284
0.42452966267163267
0.7941629551407343
0.8594275353316599
Low
0.724666827597515
0.5285509908544542
0.5617696047157573
0.7672811641231645
0.8657221918909487

0.7258064516129032
0.306034471475658
0.32503275990890174
0.7688170364247103
0.8657516633339769
High
0.7536100012536997
0.5295047624976178
0.5756669301159136
0.8076891775615265
0.7994242289066161

0.7555857172687409
0.3803078983423603
0.41406035202567465
0.807832069052895
0.7832630148145976
