Gpop
Gpop
Gpop
Gpop
0.5847623919565164
0.46836266501089796
0.4948010370682077
0.653381070929345
0.8181896021625363

Gpop
0.5847623919565164
0.46836266501089796
0.4948010370682077
0.653381070929345
0.8181896021625363

0.5862584762664539
0.22492060526807398
0.49881418523896215
0.6575813566103185
0.8182426930483834
Low
0.5394197835631911
0.44414927778070573
0.4650935340485983
0.5906849792647091
0.8678972567603619

0.5410383661004008
0.21893779438038008
0.4687826391672131
0.5994565389754491
0.8681107866173925
High
0.6888771755779283
0.5215423857060134
0.5562276687021741
0.7173223280324984
0.7615710124763237

0.6898099812069326
0.2442126685321801
0.5607837346784218
0.7177902662848702
0.7856941039199368
