Train high
Train high
Train Gpop
Train high
Train high
Train Gpop
0.8784021363983744
0.5453877982576373
0.5380528442467245
0.7821934095509574
0.3144885526550441
Test Gpop
0.8675209413641803
0.15301243226012115
0.5351392228566231
0.7678059218414005
0.33731242244942733
Train high
0.9108208064900978
0.1292952824694234
0.5328379750155314
0.8101254285803461
0.2501008748261715
Test high
0.9050950093965338
0.065775950668037
0.5100955157331992
0.7738234709457488
0.26971568895912656
Train low
0.8497117408425664
0.5741866936010493
0.562362824733491
0.7654164324519591
0.3703997709370323
Test low
0.8325062034739454
0.2386117136659436
0.5618946844413122
0.7346052234609881
0.4058241403646358
