Gpop
Gpop
0.9424611729508557
0.5140396743262734
0.5122603880595825
0.6193229670287659
0.1994547498409647

High
Gpop
0.9424611729508557
0.5140396743262734
0.5122603880595825
0.6193229670287659
0.1994547498409647

0.9414639010769844
0.057784911717495994
0.5121402302897511
0.6279611935170561
0.19790874268294684
High
0.9687848378639137
0.4964094230774229
0.49955396283375436
0.6355371813033022
0.13822521908607258

0.9680517853414073
0.006493506493506494
0.4985671157906205
0.6610314723000646
0.13618624261140175
Low
0.9186859388948607
0.516357045864391
0.5150766905888211
0.5785238353061194
0.24794805097359734

0.9202137812559649
0.06904231625835189
0.5127151902347943
0.588796836348131
0.24605718274509514
