Train gpop
Train gpop
Train gpop
Train gpop
0.8764469398948943
0.5323791611181912
0.5288037768950535
0.7644538439396253
0.32305534989302914
Test gpop
0.8612385321100917
0.0896303565587177
0.5113111048290255
0.7032576622568987
0.36748687256029894
Train high
0.9067644157228913
0.5128401035481556
0.5135585877457081
0.7578801960481122
0.272126584235588
Test high
0.9038421382334516
0.0253968253968254
0.49667738777720427
0.6952706730385352
0.29451443946808126
Train high
0.8436304666178108
0.534696963853732
0.5322517457909504
0.744900997008222
0.3827236149791574
Test high
0.8202901317045238
0.11471556182416548
0.5125576402242957
0.672653911466728
0.440181781169586
Train gpop
