Train gpop
Train gpop
Train gpop
Train gpop
Train gpop
Train gpop
0.9359494966729228
0.9357865021106908
0.9353545109337398
0.9758246220999508
nan
Original Train gpop
0.9095310511778033
0.22740524781341104
0.5715260433757564
0.8123740043986558
0.24887053767511
Test gpop
0.8900578380534503
0.14302370773416245
0.5351385549088242
0.7453444244872306
0.3007905251212456
Train high
0.9595296402292721
0.9594541065970462
0.9591361852496793
0.983028428226967
0.13418441990188526
Original Train high
0.9287759484609879
0.022913256955810146
0.49950683700829857
0.800002484745514
0.21932213576098608
Test high
0.9255585717268741
0.01925722145804677
0.49792849093586494
0.7527382571216387
0.23694161071003925
Train low
0.915417178247262
0.9150502922128926
0.9143678463040906
0.9649785118367324
nan
Original Train low
0.8995924176748399
0.3187006145741879
0.6067392948382522
0.8170936594428891
0.2840651743712535
Test low
0.8679137239931285
0.18874560375146543
0.5488865243391705
0.6994109647960802
0.3665474432391665
