Train gpop
0.9594674702960976
0.4911352639028729
0.49669216315277154
0.644854342061119
0.1650947413899374
Test gpop
0.9590147586757081
0.0
0.4957625371164632
0.6147730271338746
0.16951109495860575
Train high
0.9678477294226593
0.4918304997465245
0.4966268216698822
0.6266611063761289
0.14075024988530555
Test high
0.9685738149926916
0.0
0.4967444151727387
0.5595020478551412
0.14177960827245595
Train Low
0.9502491898400522
0.4898343301888711
0.4963981705470122
0.6302231414745616
0.1932719010844132
Test Low
0.9501813323153273
0.0
0.4948113395093634
0.5490093191652466
0.204109799598688
