
0.9199588794839976
0.48294444484073973
0.4936577762931004
0.6778463437693969
0.26295510012048745


0.906860789788592
0.0021367521367521365
0.4905411251009137
0.6311524270134174
0.30195371791576253

0.9297904416448919
0.49257747551463626
0.49911176840139293
0.7116941712944647
0.23552139929804344


0.9197118396324911
0.00517464424320828
0.49266298386978835
0.6472346581917321
0.2708401709960688

0.9096202387016014
0.47765177772783274
0.49104146836031887
0.6245289836842437
0.29606232354319084


0.8944455048673411
0.00539568345323741
0.49009813715696066
0.5542011203913128
0.3420004917448769
