Gpop
0.895192868166878
0.49180694859413193
0.49791075138869034
0.6313965725237415
0.3226794522463351

0.8972377343438372
0.0328484279680901
0.49645892279099524
0.6413112866626953
0.3201604258460342
high
0.9186685163280769
0.49685750555670805
0.502269452855409
0.70761134571646
0.2569942184306365

0.9191898099812069
0.034912718204488775
0.5017603109198071
0.7126078694924616
0.25552850959052525
low
low
low
low
0.8508341835340415
0.4817501909843176
0.49252963219211254
0.5453053589151224
0.44422572317000153

0.8509257491887765
0.048721071863580996
0.4940275645379249
0.538510525056657
0.44678410395497237
